C51 COMPILER V9.60.0.0   FIRE_ALARM_SYSTEM                                                 03/12/2021 17:48:58 PAGE 1   


C51 COMPILER V9.60.0.0, COMPILATION OF MODULE FIRE_ALARM_SYSTEM
OBJECT MODULE PLACED IN .\Objects\fire-alarm-system.obj
COMPILER INVOKED BY: C:\Keil_v5\C51\BIN\C51.EXE fire-alarm-system.c OPTIMIZE(8,SPEED) BROWSE DEBUG OBJECTEXTEND PRINT(.\
                    -Listings\fire-alarm-system.lst) TABS(2) OBJECT(.\Objects\fire-alarm-system.obj)

line level    source

   1          #include<reg51.h>
   2          sbit sensor=P1^0;
   3          sbit rs=P1^1;
   4          sbit rw=P1^2;
   5          sbit en=P1^3;
   6          sbit buzzer=P3^0;
   7          void lcddat(unsigned char);
   8          void lcdcmd(unsigned char);
   9          void lcddis(unsigned char *);
  10          void delay();
  11          void main()
  12          {
  13   1      buzzer=0;
  14   1      sensor=0;
  15   1      back:lcdinit();
*** WARNING C206 IN LINE 15 OF fire-alarm-system.c: 'lcdinit': missing function-prototype
  16   1      lcddis("  FIRE ALERT  ");
  17   1      lcdcmd(0xc0);
  18   1      lcddis("    SYSTEM    ");
  19   1      delay();
  20   1      while(1)
  21   1      {
  22   2      if(sensor==1)
  23   2        {
  24   3        lcdcmd(0x01);
  25   3        lcddis("FIRE OCCURED");
  26   3        buzzer=1;
  27   3        }
  28   2        goto back;
  29   2      }  
  30   1      }
  31          void lcdinit()
  32          {
*** ERROR C231 IN LINE 32 OF fire-alarm-system.c: 'lcdinit': redefinition
  33   1      lcdcmd(0x38);
  34   1      lcdcmd(0x01);
  35   1      lcdcmd(0x10);
  36   1      lcdcmd(0x0c);
  37   1      lcdcmd(0x80); 
  38   1      }
*** ERROR C231 IN LINE 38 OF fire-alarm-system.c: 'lcdinit': redefinition
  39          void lcdcmd(unsigned char val)
  40          {
  41   1      P2=val;
  42   1      rs=0;
  43   1      rw=0;
  44   1      en=1;
  45   1      delay();
  46   1      en=0; 
  47   1      } 
  48          void lcddat(unsigned char dat)
  49          {
  50   1      P2=dat;
  51   1      rs=1;
C51 COMPILER V9.60.0.0   FIRE_ALARM_SYSTEM                                                 03/12/2021 17:48:58 PAGE 2   

  52   1      rw=0;
  53   1      en=1;
  54   1      delay();
  55   1      en=0;
  56   1      } 
  57          void lcddis(unsigned char *s)
  58          {
  59   1      unsigned char w;
  60   1        for(w=0;s[w]!='\0';w++)
  61   1      {
  62   2      lcddat(s[w]); 
  63   2      } 
  64   1      } 
  65          void delay()
  66          {
  67   1      unsigned int v1;
  68   1      for(v1=0;v1<10000;v1++);
  69   1      }

C51 COMPILATION COMPLETE.  1 WARNING(S),  2 ERROR(S)
